Arguments: 
  C:\Program Files\nodejs\node.exe C:\Program Files (x86)\Yarn\bin\yarn.js add scss

PATH: 
  C:\Program Files\WindowsApps\Microsoft.PowerShell_7.3.0.0_x64__8wekyb3d8bbwe;C:\Windows\system32;C:\Windows;C:\Windows\System32\Wbem;C:\Windows\System32\WindowsPowerShell\v1.0\;C:\Windows\System32\OpenSSH\;C:\Program Files\Git\cmd;C:\Users\iurir\AppData\Roaming\nvm;C:\Program Files\nodejs;C:\Program Files (x86)\Yarn\bin\;C:\ProgramData\chocolatey\bin;C:\Users\iurir\AppData\Local\Microsoft\WindowsApps;C:\Users\iurir\AppData\Local\Programs\Microsoft VS Code\bin;C:\Users\iurir\AppData\Local\Programs\oh-my-posh\bin;C:\Users\iurir\AppData\Roaming\nvm;C:\Program Files\nodejs;C:\Users\iurir\AppData\Local\Yarn\bin

Yarn version: 
  1.22.19

Node version: 
  17.9.1

Platform: 
  win32 x64

Trace: 
  Error: https://registry.yarnpkg.com/@mui/icons-material/-/icons-material-5.10.15.tgz: ESOCKETTIMEDOUT
      at ClientRequest.<anonymous> (C:\Program Files (x86)\Yarn\lib\cli.js:141517:19)
      at Object.onceWrapper (node:events:641:28)
      at ClientRequest.emit (node:events:527:28)
      at TLSSocket.emitRequestTimeout (node:_http_client:771:9)
      at Object.onceWrapper (node:events:641:28)
      at TLSSocket.emit (node:events:539:35)
      at TLSSocket.Socket._onTimeout (node:net:522:8)
      at listOnTimeout (node:internal/timers:559:17)
      at processTimers (node:internal/timers:502:7)

npm manifest: 
  {
    "name": "ioup-web",
    "private": true,
    "version": "0.0.0",
    "type": "module",
    "scripts": {
      "dev": "vite",
      "build": "tsc && vite build",
      "preview": "vite preview"
    },
    "dependencies": {
      "@emotion/react": "^11.10.5",
      "@emotion/styled": "^11.10.5",
      "@mui/icons-material": "^5.10.14",
      "@mui/material": "^5.10.14",
      "react": "^18.2.0",
      "react-dom": "^18.2.0",
      "react-router-dom": "^6.4.3"
    },
    "devDependencies": {
      "@types/react": "^18.0.24",
      "@types/react-dom": "^18.0.8",
      "@vitejs/plugin-react": "^2.2.0",
      "typescript": "^4.6.4",
      "vite": "^3.2.3"
    }
  }

yarn manifest: 
  No manifest

Lockfile: 
  No lockfile
